GROUP,PACKAGE,CLASS,INSTRUCTION_MISSED,INSTRUCTION_COVERED,BRANCH_MISSED,BRANCH_COVERED,LINE_MISSED,LINE_COVERED,COMPLEXITY_MISSED,COMPLEXITY_COVERED,METHOD_MISSED,METHOD_COVERED
embezzlement,com.cosc210.models,ParcOwnerShip,42,86,4,4,16,22,8,5,4,5
embezzlement,com.cosc210.models,GameProperties,0,3,0,0,0,1,0,1,0,1
embezzlement,com.cosc210.models,FullOwnerShip,9,66,1,3,5,18,5,5,4,4
embezzlement,com.cosc210.models.exception,notEnoughOwnershipException,3,4,0,0,1,1,1,1,1,1
embezzlement,com.cosc210.models.state,GameState,55,0,2,0,16,0,6,0,5,0
embezzlement,com.cosc210.ui,consoleDisplay,344,0,20,0,76,0,25,0,12,0
embezzlement,com.cosc210.ui,inputHandler,3,29,0,2,1,7,1,2,1,1
