-------------------------------------------------------------------------------
Test set: com.cosc210.FullOwnerShipTest
-------------------------------------------------------------------------------
Tests run: 1, Failures: 1, Errors: 0, Skipped: 0, Time elapsed: 0.863 s <<< FAILURE! - in com.cosc210.FullOwnerShipTest
notEnoughOwnershipTest(com.cosc210.FullOwnerShipTest)  Time elapsed: 0.427 s  <<< FAILURE!
java.lang.AssertionError
	at com.cosc210.FullOwnerShipTest.notEnoughOwnershipTest(FullOwnerShipTest.java:84)

