<?xml version="1.0" encoding="UTF-8"?>
<testsuite xmlns:xsi="http://www.w3.org/2001/XMLSchema-instance" xsi:noNamespaceSchemaLocation="https://maven.apache.org/surefire/maven-surefire-plugin/xsd/surefire-test-report.xsd" name="com.cosc210.FullOwnerShipTest" time="0.863" tests="1" errors="0" skipped="0" failures="1">
  <properties>
[...]
</properties>
  <testcase name="notEnoughOwnershipTest" classname="com.cosc210.FullOwnerShipTest" time="0.427">
    <failure type="java.lang.AssertionError">java.lang.AssertionError
	at com.cosc210.FullOwnerShipTest.notEnoughOwnershipTest(FullOwnerShipTest.java:84)
</failure>
    <system-out><![CDATA[{"propertiesPrice":500,"numProperties":0,"name":"Company1","type":"full"}
{"propertiesPrice":500,"numProperties":0,"name":"Company1","type":"full"}
]]></system-out>
  </testcase>
</testsuite>