<?xml version="1.0" encoding="UTF-8"?>
<testsuite xmlns:xsi="http://www.w3.org/2001/XMLSchema-instance" xsi:noNamespaceSchemaLocation="https://maven.apache.org/surefire/maven-surefire-plugin/xsd/surefire-test-report.xsd" name="com.cosc210.FullOwnerShipTest" time="0.086" tests="7" errors="0" skipped="0" failures="0">
  <properties>
[...]
</properties>
  <testcase name="notEnoughOwnershipTest" classname="com.cosc210.FullOwnerShipTest" time="0.019"/>
  <testcase name="toAndFromJSONTest" classname="com.cosc210.FullOwnerShipTest" time="0.002"/>
  <testcase name="brokeTest" classname="com.cosc210.FullOwnerShipTest" time="0.001"/>
  <testcase name="incOwnXTest" classname="com.cosc210.FullOwnerShipTest" time="0.001"/>
  <testcase name="decOwnOnetest" classname="com.cosc210.FullOwnerShipTest" time="0"/>
  <testcase name="decOwnAlltest" classname="com.cosc210.FullOwnerShipTest" time="0"/>
  <testcase name="decOwnXtest" classname="com.cosc210.FullOwnerShipTest" time="0"/>
</testsuite>